<?xml version="1.0" encoding="UTF-8"?>
<!-- Generated by org.testng.reporters.JUnitReportReporter -->
<testsuite skipped="0" hostname="namet5" name="com.ghana.app.qa.testcases.EmergencyContactPageTest" tests="14" failures="0" timestamp="11 Feb 2020 10:18:51 GMT" time="232.441" errors="0">
  <testcase name="signUpAndFillSignUpPage" time="39.942" classname="com.ghana.app.qa.testcases.EmergencyContactPageTest"/>
  <testcase name="fillPersonalPageTest" time="30.202" classname="com.ghana.app.qa.testcases.EmergencyContactPageTest"/>
  <testcase name="fillAddressinfoPageTest" time="50.553" classname="com.ghana.app.qa.testcases.EmergencyContactPageTest"/>
  <testcase name="fillProffessionalinfoPageTest" time="54.594" classname="com.ghana.app.qa.testcases.EmergencyContactPageTest"/>
  <testcase name="EmergencyInfoTitleTest" time="0.730" classname="com.ghana.app.qa.testcases.EmergencyContactPageTest"/>
  <testcase name="emergencyContactDetailsTest" time="1.752" classname="com.ghana.app.qa.testcases.EmergencyContactPageTest"/>
  <testcase name="selectRelationTest" time="1.662" classname="com.ghana.app.qa.testcases.EmergencyContactPageTest"/>
  <testcase name="filladdressInfoTest1" time="5.187" classname="com.ghana.app.qa.testcases.EmergencyContactPageTest"/>
  <testcase name="filladdressInfoTest2" time="0.877" classname="com.ghana.app.qa.testcases.EmergencyContactPageTest"/>
  <testcase name="filladdressInfoTest3" time="0.369" classname="com.ghana.app.qa.testcases.EmergencyContactPageTest"/>
  <testcase name="SelectCountry" time="9.427" classname="com.ghana.app.qa.testcases.EmergencyContactPageTest"/>
  <testcase name="SelectState" time="35.740" classname="com.ghana.app.qa.testcases.EmergencyContactPageTest"/>
  <testcase name="PassContact" time="0.419" classname="com.ghana.app.qa.testcases.EmergencyContactPageTest"/>
  <testcase name="PassEmail" time="0.987" classname="com.ghana.app.qa.testcases.EmergencyContactPageTest"/>
</testsuite> <!-- com.ghana.app.qa.testcases.EmergencyContactPageTest -->
