<?xml version="1.0" encoding="UTF-8"?>
<!-- Generated by org.testng.reporters.JUnitReportReporter -->
<testsuite skipped="0" hostname="namet5" name="com.ghana.app.qa.testcases.UploadDocPageTest" tests="9" failures="0" timestamp="27 Jan 2020 11:58:19 GMT" time="371.436" errors="0">
  <testcase name="signUpAndFillSignUpPage" time="42.254" classname="com.ghana.app.qa.testcases.UploadDocPageTest"/>
  <testcase name="fillPersonalPageTest" time="27.644" classname="com.ghana.app.qa.testcases.UploadDocPageTest"/>
  <testcase name="fillAddressinfoPageTest" time="50.663" classname="com.ghana.app.qa.testcases.UploadDocPageTest"/>
  <testcase name="fillProffessionalinfoPageTest" time="54.364" classname="com.ghana.app.qa.testcases.UploadDocPageTest"/>
  <testcase name="fillEmmergencyinfoPageTest" time="52.293" classname="com.ghana.app.qa.testcases.UploadDocPageTest"/>
  <testcase name="fillTravelInfoPageTest" time="22.327" classname="com.ghana.app.qa.testcases.UploadDocPageTest"/>
  <testcase name="fillReferencesPageTest" time="98.954" classname="com.ghana.app.qa.testcases.UploadDocPageTest"/>
  <testcase name="verify_textOfUploadPage" time="4.646" classname="com.ghana.app.qa.testcases.UploadDocPageTest"/>
  <testcase name="getUploadDocTest" time="18.291" classname="com.ghana.app.qa.testcases.UploadDocPageTest"/>
</testsuite> <!-- com.ghana.app.qa.testcases.UploadDocPageTest -->
