<?xml version="1.0" encoding="UTF-8"?>
<!-- Generated by org.testng.reporters.JUnitReportReporter -->
<testsuite skipped="0" hostname="namet5" name="com.ghana.app.qa.testcases.GhanaNational_EmergencyPageTest" tests="14" failures="0" timestamp="04 Feb 2020 07:26:55 GMT" time="103.233" errors="0">
  <testcase name="FillFormUpToSign" time="13.041" classname="com.ghana.app.qa.testcases.GhanaNational_EmergencyPageTest"/>
  <testcase name="FillFormUpToPersonalInfo" time="10.878" classname="com.ghana.app.qa.testcases.GhanaNational_EmergencyPageTest"/>
  <testcase name="PassAddressInfo" time="24.337" classname="com.ghana.app.qa.testcases.GhanaNational_EmergencyPageTest"/>
  <testcase name="EmergencyInfoTitleTest" time="0.773" classname="com.ghana.app.qa.testcases.GhanaNational_EmergencyPageTest"/>
  <testcase name="emergencyContactDetailsTest" time="1.324" classname="com.ghana.app.qa.testcases.GhanaNational_EmergencyPageTest"/>
  <testcase name="selectRelationTest" time="1.277" classname="com.ghana.app.qa.testcases.GhanaNational_EmergencyPageTest"/>
  <testcase name="filladdressInfoTest1" time="5.114" classname="com.ghana.app.qa.testcases.GhanaNational_EmergencyPageTest"/>
  <testcase name="filladdressInfoTest2" time="0.696" classname="com.ghana.app.qa.testcases.GhanaNational_EmergencyPageTest"/>
  <testcase name="filladdressInfoTest3" time="0.327" classname="com.ghana.app.qa.testcases.GhanaNational_EmergencyPageTest"/>
  <testcase name="SelectCountry" time="7.924" classname="com.ghana.app.qa.testcases.GhanaNational_EmergencyPageTest"/>
  <testcase name="SelectState" time="35.431" classname="com.ghana.app.qa.testcases.GhanaNational_EmergencyPageTest"/>
  <testcase name="PassContact" time="0.371" classname="com.ghana.app.qa.testcases.GhanaNational_EmergencyPageTest"/>
  <testcase name="PassEmail" time="1.402" classname="com.ghana.app.qa.testcases.GhanaNational_EmergencyPageTest"/>
  <testcase name="SaveAndNext" time="0.338" classname="com.ghana.app.qa.testcases.GhanaNational_EmergencyPageTest"/>
</testsuite> <!-- com.ghana.app.qa.testcases.GhanaNational_EmergencyPageTest -->
