<?xml version="1.0" encoding="UTF-8"?>
<!-- Generated by org.testng.reporters.JUnitReportReporter -->
<testsuite skipped="0" hostname="namet5" name="com.ghana.app.qa.testcases.GhanaNational_LoginTest" tests="2" failures="0" timestamp="28 Jan 2020 07:46:39 GMT" time="14.243" errors="0">
  <testcase name="Loginform_previousButton" time="8.289" classname="com.ghana.app.qa.testcases.GhanaNational_LoginTest"/>
  <testcase name="Loginform" time="5.954" classname="com.ghana.app.qa.testcases.GhanaNational_LoginTest"/>
</testsuite> <!-- com.ghana.app.qa.testcases.GhanaNational_LoginTest -->
