<?xml version="1.0" encoding="UTF-8"?>
<!-- Generated by org.testng.reporters.JUnitReportReporter -->
<testsuite skipped="0" hostname="namet5" name="com.ghana.app.qa.testcases.Ghanian_National_Test" tests="4" failures="0" timestamp="04 Jan 2020 11:26:35 GMT" time="15.854" errors="0">
  <testcase name="New_National_verification" time="4.544" classname="com.ghana.app.qa.testcases.Ghanian_National_Test"/>
  <testcase name="Previous_verification" time="2.532" classname="com.ghana.app.qa.testcases.Ghanian_National_Test"/>
  <testcase name="Fill_Form" time="2.929" classname="com.ghana.app.qa.testcases.Ghanian_National_Test"/>
  <testcase name="enterCaptcha_Register" time="5.849" classname="com.ghana.app.qa.testcases.Ghanian_National_Test"/>
</testsuite> <!-- com.ghana.app.qa.testcases.Ghanian_National_Test -->
