<?xml version="1.0" encoding="UTF-8"?>
<!-- Generated by org.testng.reporters.JUnitReportReporter -->
<testsuite hostname="DESKTOP-2BUQ6LF" name="com.ghana.app.qa.testcases.EvacuationofGhanaians" tests="1" failures="0" timestamp="17 May 2020 12:20:35 GMT" time="0.038" errors="0">
  <testcase name="FillData" time="0.038" classname="com.ghana.app.qa.testcases.EvacuationofGhanaians"/>
</testsuite> <!-- com.ghana.app.qa.testcases.EvacuationofGhanaians -->
