<?xml version="1.0" encoding="UTF-8"?>
<!-- Generated by org.testng.reporters.JUnitReportReporter -->
<testsuite skipped="0" hostname="namet5" name="com.ghana.app.qa.testcases.AddressInfoPageTest" tests="8" failures="0" timestamp="11 Feb 2020 08:13:37 GMT" time="129.575" errors="0">
  <testcase name="signUpAndFillPersonalInfo" time="70.269" classname="com.ghana.app.qa.testcases.AddressInfoPageTest"/>
  <testcase name="SaveAndContinueFromPersonalInfoTest" time="7.066" classname="com.ghana.app.qa.testcases.AddressInfoPageTest"/>
  <testcase name="filladdressInfoTest1" time="3.650" classname="com.ghana.app.qa.testcases.AddressInfoPageTest"/>
  <testcase name="filladdressInfoTest2" time="1.857" classname="com.ghana.app.qa.testcases.AddressInfoPageTest"/>
  <testcase name="filladdressInfoTest3" time="0.589" classname="com.ghana.app.qa.testcases.AddressInfoPageTest"/>
  <testcase name="SelectCountry" time="9.186" classname="com.ghana.app.qa.testcases.AddressInfoPageTest"/>
  <testcase name="SelectState" time="35.611" classname="com.ghana.app.qa.testcases.AddressInfoPageTest"/>
  <testcase name="selectAddressType" time="1.347" classname="com.ghana.app.qa.testcases.AddressInfoPageTest"/>
</testsuite> <!-- com.ghana.app.qa.testcases.AddressInfoPageTest -->
