<?xml version="1.0" encoding="UTF-8"?>
<!-- Generated by org.testng.reporters.JUnitReportReporter -->
<testsuite hostname="DESKTOP-2BUQ6LF" name="com.ghana.app.qa.testcases.GhanaWebSiteBrokenLinkTest" tests="1" failures="0" timestamp="20 May 2020 13:16:50 GMT" time="185.589" errors="0">
  <testcase name="findBrokenLinkOnTorenzoMainPage" time="185.589" classname="com.ghana.app.qa.testcases.GhanaWebSiteBrokenLinkTest"/>
</testsuite> <!-- com.ghana.app.qa.testcases.GhanaWebSiteBrokenLinkTest -->
