<?xml version="1.0" encoding="UTF-8"?>
<!-- Generated by org.testng.reporters.JUnitReportReporter -->
<testsuite skipped="0" hostname="namet5" name="com.ghana.app.qa.testcases.TravelInfoPageTest" tests="28" failures="0" timestamp="11 Feb 2020 10:26:27 GMT" time="368.338" errors="0">
  <testcase name="signUpAndFillSignUpPage" time="41.085" classname="com.ghana.app.qa.testcases.TravelInfoPageTest"/>
  <testcase name="fillPersonalPageTest" time="30.049" classname="com.ghana.app.qa.testcases.TravelInfoPageTest"/>
  <testcase name="fillAddressinfoPageTest" time="50.628" classname="com.ghana.app.qa.testcases.TravelInfoPageTest"/>
  <testcase name="fillProffessionalinfoPageTest" time="54.753" classname="com.ghana.app.qa.testcases.TravelInfoPageTest"/>
  <testcase name="fillEmmergencyinfoPageTest" time="52.318" classname="com.ghana.app.qa.testcases.TravelInfoPageTest"/>
  <testcase name="ContinueAndSaveEmergTest" time="6.098" classname="com.ghana.app.qa.testcases.TravelInfoPageTest"/>
  <testcase name="passDateOfDepartureTest" time="4.211" classname="com.ghana.app.qa.testcases.TravelInfoPageTest"/>
  <testcase name="clickPurpose_of_journeyTest" time="5.812" classname="com.ghana.app.qa.testcases.TravelInfoPageTest"/>
  <testcase name="clickOnIsApplicantPossessionRoundTicketTest" time="1.885" classname="com.ghana.app.qa.testcases.TravelInfoPageTest"/>
  <testcase name="passTicketNumberTest" time="2.465" classname="com.ghana.app.qa.testcases.TravelInfoPageTest"/>
  <testcase name="clickOnTravelByTest" time="7.692" classname="com.ghana.app.qa.testcases.TravelInfoPageTest"/>
  <testcase name="VisaFeesTestandNext" time="3.040" classname="com.ghana.app.qa.testcases.TravelInfoPageTest"/>
  <testcase name="PriReferenceContactDetailsTest" time="1.389" classname="com.ghana.app.qa.testcases.TravelInfoPageTest"/>
  <testcase name="fillPriReferenceaddressInfoTest1" time="5.142" classname="com.ghana.app.qa.testcases.TravelInfoPageTest"/>
  <testcase name="fillPriReferenceaddressInfoTest2" time="0.895" classname="com.ghana.app.qa.testcases.TravelInfoPageTest"/>
  <testcase name="fillPriReferenceaddressInfoTest3" time="0.442" classname="com.ghana.app.qa.testcases.TravelInfoPageTest"/>
  <testcase name="SelectPriReferenceCountry" time="9.138" classname="com.ghana.app.qa.testcases.TravelInfoPageTest"/>
  <testcase name="SelectPriReferenceState" time="35.694" classname="com.ghana.app.qa.testcases.TravelInfoPageTest"/>
  <testcase name="PassPriReferenceContact" time="0.444" classname="com.ghana.app.qa.testcases.TravelInfoPageTest"/>
  <testcase name="PassPriReferenceEmail" time="0.531" classname="com.ghana.app.qa.testcases.TravelInfoPageTest"/>
  <testcase name="SecReferencesContactDetailsTest" time="1.368" classname="com.ghana.app.qa.testcases.TravelInfoPageTest"/>
  <testcase name="fillSecReferencesaddressInfoTest1" time="5.160" classname="com.ghana.app.qa.testcases.TravelInfoPageTest"/>
  <testcase name="fillSecReferencesaddressInfoTest2" time="0.834" classname="com.ghana.app.qa.testcases.TravelInfoPageTest"/>
  <testcase name="fillSecReferencesaddressInfoTest3" time="0.506" classname="com.ghana.app.qa.testcases.TravelInfoPageTest"/>
  <testcase name="SelectSecReferencesCountry" time="9.349" classname="com.ghana.app.qa.testcases.TravelInfoPageTest"/>
  <testcase name="SelectSecReferencesState" time="35.819" classname="com.ghana.app.qa.testcases.TravelInfoPageTest"/>
  <testcase name="PassSecReferencesContact" time="0.457" classname="com.ghana.app.qa.testcases.TravelInfoPageTest"/>
  <testcase name="PassSecReferencesEmail" time="1.134" classname="com.ghana.app.qa.testcases.TravelInfoPageTest"/>
</testsuite> <!-- com.ghana.app.qa.testcases.TravelInfoPageTest -->
