<?xml version="1.0" encoding="UTF-8"?>
<!-- Generated by org.testng.reporters.JUnitReportReporter -->
<testsuite skipped="0" hostname="namet5" name="com.ghana.app.qa.testcases.SignUpPageTest" tests="14" failures="0" timestamp="13 Feb 2020 08:54:44 GMT" time="80.018" errors="0">
  <testcase name="selectNationalityTest" time="35.923" classname="com.ghana.app.qa.testcases.SignUpPageTest"/>
  <testcase name="selectCountryResidence" time="8.706" classname="com.ghana.app.qa.testcases.SignUpPageTest"/>
  <testcase name="selectApplicationLocation" time="6.759" classname="com.ghana.app.qa.testcases.SignUpPageTest"/>
  <testcase name="selectModeOfConsulateTest" time="7.763" classname="com.ghana.app.qa.testcases.SignUpPageTest"/>
  <testcase name="SignUPNext1Verification" time="0.507" classname="com.ghana.app.qa.testcases.SignUpPageTest"/>
  <testcase name="Terms_condition" time="0.293" classname="com.ghana.app.qa.testcases.SignUpPageTest"/>
  <testcase name="SignUPNext2Verification" time="0.377" classname="com.ghana.app.qa.testcases.SignUpPageTest"/>
  <testcase name="UploadPhoto" time="0.278" classname="com.ghana.app.qa.testcases.SignUpPageTest"/>
  <testcase name="selectPassportTypeTest" time="1.016" classname="com.ghana.app.qa.testcases.SignUpPageTest"/>
  <testcase name="selectPortOfArrivalTest" time="11.666" classname="com.ghana.app.qa.testcases.SignUpPageTest"/>
  <testcase name="passPhoneNoTest" time="1.411" classname="com.ghana.app.qa.testcases.SignUpPageTest"/>
  <testcase name="selectDateOfBirthTest" time="3.992" classname="com.ghana.app.qa.testcases.SignUpPageTest"/>
  <testcase name="passEmailIdTest" time="0.725" classname="com.ghana.app.qa.testcases.SignUpPageTest"/>
  <testcase name="passReEmailIdTest" time="0.602" classname="com.ghana.app.qa.testcases.SignUpPageTest"/>
</testsuite> <!-- com.ghana.app.qa.testcases.SignUpPageTest -->
