<?xml version="1.0" encoding="UTF-8"?>
<!-- Generated by org.testng.reporters.JUnitReportReporter -->
<testsuite skipped="0" hostname="namet5" name="com.ghana.app.qa.testcases.Ghanian_National_SignUpTest" tests="6" failures="0" timestamp="06 Jan 2020 10:45:05 GMT" time="11.676" errors="0">
  <testcase name="New_National_verification" time="2.579" classname="com.ghana.app.qa.testcases.Ghanian_National_SignUpTest"/>
  <testcase name="Previous_verification" time="2.101" classname="com.ghana.app.qa.testcases.Ghanian_National_SignUpTest"/>
  <testcase name="Fill_Form" time="5.015" classname="com.ghana.app.qa.testcases.Ghanian_National_SignUpTest"/>
  <testcase name="enterCaptcha_Register" time="1.978" classname="com.ghana.app.qa.testcases.Ghanian_National_SignUpTest"/>
  <testcase name="Loginform_previousButton" time="0.002" classname="com.ghana.app.qa.testcases.Ghanian_National_SignUpTest"/>
  <testcase name="Loginform" time="0.001" classname="com.ghana.app.qa.testcases.Ghanian_National_SignUpTest"/>
</testsuite> <!-- com.ghana.app.qa.testcases.Ghanian_National_SignUpTest -->
