<?xml version="1.0" encoding="UTF-8"?>
<!-- Generated by org.testng.reporters.JUnitReportReporter -->
<testsuite hostname="DESKTOP-2BUQ6LF" name="com.ghana.app.qa.testcases.Mutiple_Application" tests="1" failures="0" timestamp="10 Jun 2020 17:01:37 GMT" time="462.237" errors="0">
  <testcase name="TestMethod" time="462.237" classname="com.ghana.app.qa.testcases.Mutiple_Application"/>
</testsuite> <!-- com.ghana.app.qa.testcases.Mutiple_Application -->
