<?xml version="1.0" encoding="UTF-8"?>
<!-- Generated by org.testng.reporters.JUnitReportReporter -->
<testsuite skipped="0" hostname="Torenzo" name="Demo.ContactPageTest" tests="5" failures="0" timestamp="30 Dec 2019 14:16:45 GMT" time="67.865" errors="0">
  <testcase name="contactPageVerify" time="13.501" classname="Demo.ContactPageTest"/>
  <testcase name="contactPageVerify" time="13.718" classname="Demo.ContactPageTest"/>
  <testcase name="contactPageVerify" time="13.565" classname="Demo.ContactPageTest"/>
  <testcase name="contactPageVerify" time="13.542" classname="Demo.ContactPageTest"/>
  <testcase name="contactPageVerify" time="13.539" classname="Demo.ContactPageTest"/>
</testsuite> <!-- Demo.ContactPageTest -->
