<?xml version="1.0" encoding="UTF-8"?>
<!-- Generated by org.testng.reporters.JUnitReportReporter -->
<testsuite hostname="DESKTOP-2BUQ6LF" name="com.ghana.app.qa.testcases.Ghanian_National_SignUpLoginTest" tests="3" failures="0" timestamp="1 Jun 2020 16:24:41 GMT" time="167.549" errors="0">
  <testcase name="RegisterandGotoPersonal" time="74.585" classname="com.ghana.app.qa.testcases.Ghanian_National_SignUpLoginTest"/>
  <testcase name="New_National_verification" time="87.512" classname="com.ghana.app.qa.testcases.Ghanian_National_SignUpLoginTest"/>
  <testcase name="Fill_Form" time="5.452" classname="com.ghana.app.qa.testcases.Ghanian_National_SignUpLoginTest"/>
</testsuite> <!-- com.ghana.app.qa.testcases.Ghanian_National_SignUpLoginTest -->
